Sat Jul 22 2017 15:26:49 GMT+0530 (IST) /
Sat Jul 22 2017 15:26:55 GMT+0530 (IST) /
Sat Jul 22 2017 15:26:56 GMT+0530 (IST) /about
Sat Jul 22 2017 16:08:57 GMT+0530 (IST) /
Sat Jul 22 2017 16:09:02 GMT+0530 (IST) /
Sat Jul 22 2017 16:10:10 GMT+0530 (IST) /
Sat Jul 22 2017 16:10:12 GMT+0530 (IST) /
Sat Jul 22 2017 16:10:18 GMT+0530 (IST) /help.html
Sat Jul 22 2017 16:45:22 GMT+0530 (IST) /
Sat Jul 22 2017 16:45:24 GMT+0530 (IST) /
Sat Jul 22 2017 16:45:25 GMT+0530 (IST) /about
Sat Jul 22 2017 17:45:51 GMT+0530 (IST) /
Sat Jul 22 2017 17:45:53 GMT+0530 (IST) /projects
Sat Jul 22 2017 17:45:57 GMT+0530 (IST) /
Sat Jul 22 2017 17:45:59 GMT+0530 (IST) /about
Sat Jul 22 2017 17:46:01 GMT+0530 (IST) /projects
Sat Jul 22 2017 17:46:07 GMT+0530 (IST) /
Sat Jul 22 2017 17:47:57 GMT+0530 (IST) /
Sat Jul 22 2017 17:48:00 GMT+0530 (IST) /about
Sat Jul 22 2017 17:48:02 GMT+0530 (IST) /projects
Sun Jul 23 2017 08:22:03 GMT+0530 (IST) /
Sun Jul 23 2017 08:22:05 GMT+0530 (IST) /about
